<?xml version="1.0" encoding="UTF-8"?>
<!-- Generated by org.testng.reporters.JUnitReportReporter -->
<testsuite skipped="0" hostname="DESKTOP-QGJITNH" name="com.selenium.jdbc.LoginTest" tests="1" failures="0" timestamp="2023-02-06T22:14:28 IST" time="1.314" errors="0">
  <testcase name="getDBValues" time="1.314" classname="com.selenium.jdbc.LoginTest"/>
  <system-out/>
</testsuite> <!-- com.selenium.jdbc.LoginTest -->
